[2019-04-15 17:47:43.899][main][INFO ][com.zlc.BootStudying.BootStudyingApplication:48]-- Starting BootStudyingApplication on ZLC with PID 11960 (E:\2018\code2\BootStudying\target\classes started by zlc_0 in E:\2018\code2\BootStudying)
[2019-04-15 17:47:43.928][main][INFO ][com.zlc.BootStudying.BootStudyingApplication:593]-- No active profile set, falling back to default profiles: default
[2019-04-15 17:47:44.529][background-preinit][INFO ][org.hibernate.validator.internal.util.Version:30]-- HV000001: Hibernate Validator 5.3.6.Final
[2019-04-15 17:47:44.853][main][INFO ][org.springframework.boot.context.embedded.AnnotationConfigEmbeddedWebApplicationContext:583]-- Refreshing org.springframework.boot.context.embedded.AnnotationConfigEmbeddedWebApplicationContext@7ca20101: startup date [Mon Apr 15 17:47:44 CST 2019]; root of context hierarchy
[2019-04-15 17:47:46.634][main][WARN ][org.mybatis.spring.mapper.ClassPathMapperScanner:239]-- Skipping MapperFactoryBean with name 'test1Mapper' and 'com.zlc.BootStudying.dao.test1.Test1Mapper' mapperInterface. Bean already defined with the same name!
[2019-04-15 17:47:46.636][main][WARN ][org.mybatis.spring.mapper.ClassPathMapperScanner:239]-- Skipping MapperFactoryBean with name 'test2Mapper' and 'com.zlc.BootStudying.dao.test2.Test2Mapper' mapperInterface. Bean already defined with the same name!
[2019-04-15 17:47:46.636][main][WARN ][org.mybatis.spring.mapper.ClassPathMapperScanner:166]-- No MyBatis mapper was found in '[com.zlc.BootStudying.dao.*]' package. Please check your configuration.
[2019-04-15 17:47:47.678][main][INFO ][org.springframework.context.support.PostProcessorRegistrationDelegate$BeanPostProcessorChecker:327]-- Bean 'org.springframework.amqp.rabbit.annotation.RabbitBootstrapConfiguration' of type [org.springframework.amqp.rabbit.annotation.RabbitBootstrapConfiguration$$EnhancerBySpringCGLIB$$fc02c62b] is not eligible for getting processed by all BeanPostProcessors (for example: not eligible for auto-proxying)
[2019-04-15 17:47:47.754][main][INFO ][org.springframework.context.support.PostProcessorRegistrationDelegate$BeanPostProcessorChecker:327]-- Bean 'org.springframework.kafka.annotation.KafkaBootstrapConfiguration' of type [org.springframework.kafka.annotation.KafkaBootstrapConfiguration$$EnhancerBySpringCGLIB$$9491980] is not eligible for getting processed by all BeanPostProcessors (for example: not eligible for auto-proxying)
[2019-04-15 17:47:48.933][main][INFO ][org.springframework.boot.context.embedded.tomcat.TomcatEmbeddedServletContainer:89]-- Tomcat initialized with port(s): 8081 (http)
[2019-04-15 17:47:48.992][main][INFO ][org.apache.catalina.core.StandardService:179]-- Starting service [Tomcat]
[2019-04-15 17:47:48.993][main][INFO ][org.apache.catalina.core.StandardEngine:179]-- Starting Servlet Engine: Apache Tomcat/8.5.23
[2019-04-15 17:47:52.605][localhost-startStop-1][INFO ][org.apache.catalina.core.ContainerBase.[Tomcat].[localhost].[/]:179]-- Initializing Spring embedded WebApplicationContext
[2019-04-15 17:47:52.606][localhost-startStop-1][INFO ][org.springframework.web.context.ContextLoader:276]-- Root WebApplicationContext: initialization completed in 7753 ms
[2019-04-15 17:47:53.222][localhost-startStop-1][INFO ][org.springframework.boot.web.servlet.ServletRegistrationBean:190]-- Mapping servlet: 'dispatcherServlet' to [/]
[2019-04-15 17:47:53.229][localhost-startStop-1][INFO ][org.springframework.boot.web.servlet.FilterRegistrationBean:258]-- Mapping filter: 'characterEncodingFilter' to: [/*]
[2019-04-15 17:47:53.230][localhost-startStop-1][INFO ][org.springframework.boot.web.servlet.FilterRegistrationBean:258]-- Mapping filter: 'hiddenHttpMethodFilter' to: [/*]
[2019-04-15 17:47:53.230][localhost-startStop-1][INFO ][org.springframework.boot.web.servlet.FilterRegistrationBean:258]-- Mapping filter: 'httpPutFormContentFilter' to: [/*]
[2019-04-15 17:47:53.231][localhost-startStop-1][INFO ][org.springframework.boot.web.servlet.FilterRegistrationBean:258]-- Mapping filter: 'requestContextFilter' to: [/*]
[2019-04-15 17:47:55.337][main][INFO ][org.springframework.web.servlet.mvc.method.annotation.RequestMappingHandlerAdapter:534]-- Looking for @ControllerAdvice: org.springframework.boot.context.embedded.AnnotationConfigEmbeddedWebApplicationContext@7ca20101: startup date [Mon Apr 15 17:47:44 CST 2019]; root of context hierarchy
[2019-04-15 17:47:55.509][main][INFO ][org.springframework.web.servlet.mvc.method.annotation.RequestMappingHandlerMapping:543]-- Mapped "{[/test/testDataSource]}" onto public void com.zlc.BootStudying.controller.TestController.testDataSource()
[2019-04-15 17:47:55.514][main][INFO ][org.springframework.web.servlet.mvc.method.annotation.RequestMappingHandlerMapping:543]-- Mapped "{[/error]}" onto public org.springframework.http.ResponseEntity<java.util.Map<java.lang.String, java.lang.Object>> org.springframework.boot.autoconfigure.web.BasicErrorController.error(javax.servlet.http.HttpServletRequest)
[2019-04-15 17:47:55.516][main][INFO ][org.springframework.web.servlet.mvc.method.annotation.RequestMappingHandlerMapping:543]-- Mapped "{[/error],produces=[text/html]}" onto public org.springframework.web.servlet.ModelAndView org.springframework.boot.autoconfigure.web.BasicErrorController.errorHtml(javax.servlet.http.HttpServletRequest,javax.servlet.http.HttpServletResponse)
[2019-04-15 17:47:55.664][main][INFO ][org.springframework.web.servlet.handler.SimpleUrlHandlerMapping:362]-- Mapped URL path [/webjars/**] onto handler of type [class org.springframework.web.servlet.resource.ResourceHttpRequestHandler]
[2019-04-15 17:47:55.664][main][INFO ][org.springframework.web.servlet.handler.SimpleUrlHandlerMapping:362]-- Mapped URL path [/**] onto handler of type [class org.springframework.web.servlet.resource.ResourceHttpRequestHandler]
[2019-04-15 17:47:55.790][main][INFO ][org.springframework.web.servlet.handler.SimpleUrlHandlerMapping:362]-- Mapped URL path [/**/favicon.ico] onto handler of type [class org.springframework.web.servlet.resource.ResourceHttpRequestHandler]
[2019-04-15 17:47:58.043][main][INFO ][org.springframework.jmx.export.annotation.AnnotationMBeanExporter:431]-- Registering beans for JMX exposure on startup
[2019-04-15 17:47:58.073][main][INFO ][org.springframework.jmx.export.annotation.AnnotationMBeanExporter:916]-- Bean with name 'rabbitConnectionFactory' has been autodetected for JMX exposure
[2019-04-15 17:47:58.080][main][INFO ][org.springframework.jmx.export.annotation.AnnotationMBeanExporter:678]-- Located managed bean 'rabbitConnectionFactory': registering with JMX server as MBean [org.springframework.amqp.rabbit.connection:name=rabbitConnectionFactory,type=CachingConnectionFactory]
[2019-04-15 17:47:58.127][main][INFO ][org.springframework.context.support.DefaultLifecycleProcessor:343]-- Starting beans in phase 2147483647
[2019-04-15 17:47:58.143][main][INFO ][org.springframework.scheduling.annotation.ScheduledAnnotationBeanPostProcessor:267]-- No TaskScheduler/ScheduledExecutorService bean found for scheduled processing
[2019-04-15 17:47:58.163][main][INFO ][org.apache.coyote.http11.Http11NioProtocol:179]-- Initializing ProtocolHandler ["http-nio-8081"]
[2019-04-15 17:47:58.186][main][INFO ][org.apache.coyote.http11.Http11NioProtocol:179]-- Starting ProtocolHandler ["http-nio-8081"]
[2019-04-15 17:47:58.570][main][INFO ][org.apache.tomcat.util.net.NioSelectorPool:179]-- Using a shared selector for servlet write/read
[2019-04-15 17:47:58.645][main][INFO ][org.springframework.boot.context.embedded.tomcat.TomcatEmbeddedServletContainer:201]-- Tomcat started on port(s): 8081 (http)
[2019-04-15 17:47:58.652][main][INFO ][com.zlc.BootStudying.BootStudyingApplication:57]-- Started BootStudyingApplication in 16.211 seconds (JVM running for 21.84)
[2019-04-15 17:48:00.044][pool-4-thread-1][INFO ][org.apache.kafka.clients.producer.ProducerConfig:165]-- ProducerConfig values: 
	compression.type = none
	metric.reporters = []
	metadata.max.age.ms = 300000
	metadata.fetch.timeout.ms = 60000
	reconnect.backoff.ms = 50
	sasl.kerberos.ticket.renew.window.factor = 0.8
	bootstrap.servers = [127.0.0.1:9092]
	retry.backoff.ms = 100
	sasl.kerberos.kinit.cmd = /usr/bin/kinit
	buffer.memory = 33554432
	timeout.ms = 30000
	key.serializer = class org.apache.kafka.common.serialization.StringSerializer
	sasl.kerberos.service.name = null
	sasl.kerberos.ticket.renew.jitter = 0.05
	ssl.keystore.type = JKS
	ssl.trustmanager.algorithm = PKIX
	block.on.buffer.full = false
	ssl.key.password = null
	max.block.ms = 60000
	sasl.kerberos.min.time.before.relogin = 60000
	connections.max.idle.ms = 540000
	ssl.truststore.password = null
	max.in.flight.requests.per.connection = 5
	metrics.num.samples = 2
	client.id = 
	ssl.endpoint.identification.algorithm = null
	ssl.protocol = TLS
	request.timeout.ms = 30000
	ssl.provider = null
	ssl.enabled.protocols = [TLSv1.2, TLSv1.1, TLSv1]
	acks = 1
	batch.size = 16384
	ssl.keystore.location = null
	receive.buffer.bytes = 32768
	ssl.cipher.suites = null
	ssl.truststore.type = JKS
	security.protocol = PLAINTEXT
	retries = 0
	max.request.size = 1048576
	value.serializer = class org.apache.kafka.common.serialization.StringSerializer
	ssl.truststore.location = null
	ssl.keystore.password = null
	ssl.keymanager.algorithm = SunX509
	metrics.sample.window.ms = 30000
	partitioner.class = class org.apache.kafka.clients.producer.internals.DefaultPartitioner
	send.buffer.bytes = 131072
	linger.ms = 0

[2019-04-15 17:48:00.137][pool-4-thread-1][INFO ][org.apache.kafka.common.utils.AppInfoParser:82]-- Kafka version : 0.9.0.1
[2019-04-15 17:48:00.137][pool-4-thread-1][INFO ][org.apache.kafka.common.utils.AppInfoParser:83]-- Kafka commitId : 23c69d62a0cabf06
[2019-04-15 17:49:00.174][pool-4-thread-1][ERROR][org.springframework.kafka.support.LoggingProducerListener:76]-- Exception thrown when sending a message with key='null' and payload='36885e82-b7ae-46b1-a7fd-9b55016b4a7f' to topic app_log:
org.apache.kafka.common.errors.TimeoutException: Failed to update metadata after 60000 ms.
[2019-04-15 17:49:21.096][kafka-producer-network-thread | producer-1][WARN ][org.apache.kafka.clients.NetworkClient:582]-- Error while fetching metadata with correlation id 0 : {app_log=LEADER_NOT_AVAILABLE}
[2019-04-15 17:51:34.883][main][INFO ][com.zlc.BootStudying.BootStudyingApplication:48]-- Starting BootStudyingApplication on ZLC with PID 18572 (E:\2018\code2\BootStudying\target\classes started by zlc_0 in E:\2018\code2\BootStudying)
[2019-04-15 17:51:34.890][main][INFO ][com.zlc.BootStudying.BootStudyingApplication:593]-- No active profile set, falling back to default profiles: default
[2019-04-15 17:51:35.670][background-preinit][INFO ][org.hibernate.validator.internal.util.Version:30]-- HV000001: Hibernate Validator 5.3.6.Final
[2019-04-15 17:51:35.828][main][INFO ][org.springframework.boot.context.embedded.AnnotationConfigEmbeddedWebApplicationContext:583]-- Refreshing org.springframework.boot.context.embedded.AnnotationConfigEmbeddedWebApplicationContext@7b94089b: startup date [Mon Apr 15 17:51:35 CST 2019]; root of context hierarchy
[2019-04-15 17:51:37.466][main][WARN ][org.mybatis.spring.mapper.ClassPathMapperScanner:239]-- Skipping MapperFactoryBean with name 'test1Mapper' and 'com.zlc.BootStudying.dao.test1.Test1Mapper' mapperInterface. Bean already defined with the same name!
[2019-04-15 17:51:37.467][main][WARN ][org.mybatis.spring.mapper.ClassPathMapperScanner:239]-- Skipping MapperFactoryBean with name 'test2Mapper' and 'com.zlc.BootStudying.dao.test2.Test2Mapper' mapperInterface. Bean already defined with the same name!
[2019-04-15 17:51:37.467][main][WARN ][org.mybatis.spring.mapper.ClassPathMapperScanner:166]-- No MyBatis mapper was found in '[com.zlc.BootStudying.dao.*]' package. Please check your configuration.
[2019-04-15 17:51:38.433][main][INFO ][org.springframework.context.support.PostProcessorRegistrationDelegate$BeanPostProcessorChecker:327]-- Bean 'org.springframework.amqp.rabbit.annotation.RabbitBootstrapConfiguration' of type [org.springframework.amqp.rabbit.annotation.RabbitBootstrapConfiguration$$EnhancerBySpringCGLIB$$a64f7b6d] is not eligible for getting processed by all BeanPostProcessors (for example: not eligible for auto-proxying)
[2019-04-15 17:51:38.538][main][INFO ][org.springframework.context.support.PostProcessorRegistrationDelegate$BeanPostProcessorChecker:327]-- Bean 'org.springframework.kafka.annotation.KafkaBootstrapConfiguration' of type [org.springframework.kafka.annotation.KafkaBootstrapConfiguration$$EnhancerBySpringCGLIB$$b395cec2] is not eligible for getting processed by all BeanPostProcessors (for example: not eligible for auto-proxying)
[2019-04-15 17:51:39.373][main][INFO ][org.springframework.boot.context.embedded.tomcat.TomcatEmbeddedServletContainer:89]-- Tomcat initialized with port(s): 8081 (http)
[2019-04-15 17:51:39.389][main][INFO ][org.apache.catalina.core.StandardService:179]-- Starting service [Tomcat]
[2019-04-15 17:51:39.390][main][INFO ][org.apache.catalina.core.StandardEngine:179]-- Starting Servlet Engine: Apache Tomcat/8.5.23
[2019-04-15 17:51:39.601][localhost-startStop-1][INFO ][org.apache.catalina.core.ContainerBase.[Tomcat].[localhost].[/]:179]-- Initializing Spring embedded WebApplicationContext
[2019-04-15 17:51:39.601][localhost-startStop-1][INFO ][org.springframework.web.context.ContextLoader:276]-- Root WebApplicationContext: initialization completed in 3773 ms
[2019-04-15 17:51:40.103][localhost-startStop-1][INFO ][org.springframework.boot.web.servlet.ServletRegistrationBean:190]-- Mapping servlet: 'dispatcherServlet' to [/]
[2019-04-15 17:51:40.122][localhost-startStop-1][INFO ][org.springframework.boot.web.servlet.FilterRegistrationBean:258]-- Mapping filter: 'characterEncodingFilter' to: [/*]
[2019-04-15 17:51:40.123][localhost-startStop-1][INFO ][org.springframework.boot.web.servlet.FilterRegistrationBean:258]-- Mapping filter: 'hiddenHttpMethodFilter' to: [/*]
[2019-04-15 17:51:40.124][localhost-startStop-1][INFO ][org.springframework.boot.web.servlet.FilterRegistrationBean:258]-- Mapping filter: 'httpPutFormContentFilter' to: [/*]
[2019-04-15 17:51:40.127][localhost-startStop-1][INFO ][org.springframework.boot.web.servlet.FilterRegistrationBean:258]-- Mapping filter: 'requestContextFilter' to: [/*]
[2019-04-15 17:51:41.690][main][INFO ][org.springframework.web.servlet.mvc.method.annotation.RequestMappingHandlerAdapter:534]-- Looking for @ControllerAdvice: org.springframework.boot.context.embedded.AnnotationConfigEmbeddedWebApplicationContext@7b94089b: startup date [Mon Apr 15 17:51:35 CST 2019]; root of context hierarchy
[2019-04-15 17:51:41.870][main][INFO ][org.springframework.web.servlet.mvc.method.annotation.RequestMappingHandlerMapping:543]-- Mapped "{[/test/testDataSource]}" onto public void com.zlc.BootStudying.controller.TestController.testDataSource()
[2019-04-15 17:51:41.884][main][INFO ][org.springframework.web.servlet.mvc.method.annotation.RequestMappingHandlerMapping:543]-- Mapped "{[/error]}" onto public org.springframework.http.ResponseEntity<java.util.Map<java.lang.String, java.lang.Object>> org.springframework.boot.autoconfigure.web.BasicErrorController.error(javax.servlet.http.HttpServletRequest)
[2019-04-15 17:51:41.886][main][INFO ][org.springframework.web.servlet.mvc.method.annotation.RequestMappingHandlerMapping:543]-- Mapped "{[/error],produces=[text/html]}" onto public org.springframework.web.servlet.ModelAndView org.springframework.boot.autoconfigure.web.BasicErrorController.errorHtml(javax.servlet.http.HttpServletRequest,javax.servlet.http.HttpServletResponse)
[2019-04-15 17:51:42.089][main][INFO ][org.springframework.web.servlet.handler.SimpleUrlHandlerMapping:362]-- Mapped URL path [/webjars/**] onto handler of type [class org.springframework.web.servlet.resource.ResourceHttpRequestHandler]
[2019-04-15 17:51:42.090][main][INFO ][org.springframework.web.servlet.handler.SimpleUrlHandlerMapping:362]-- Mapped URL path [/**] onto handler of type [class org.springframework.web.servlet.resource.ResourceHttpRequestHandler]
[2019-04-15 17:51:42.238][main][INFO ][org.springframework.web.servlet.handler.SimpleUrlHandlerMapping:362]-- Mapped URL path [/**/favicon.ico] onto handler of type [class org.springframework.web.servlet.resource.ResourceHttpRequestHandler]
[2019-04-15 17:51:44.242][main][INFO ][org.springframework.jmx.export.annotation.AnnotationMBeanExporter:431]-- Registering beans for JMX exposure on startup
[2019-04-15 17:51:44.259][main][INFO ][org.springframework.jmx.export.annotation.AnnotationMBeanExporter:916]-- Bean with name 'rabbitConnectionFactory' has been autodetected for JMX exposure
[2019-04-15 17:51:44.264][main][INFO ][org.springframework.jmx.export.annotation.AnnotationMBeanExporter:678]-- Located managed bean 'rabbitConnectionFactory': registering with JMX server as MBean [org.springframework.amqp.rabbit.connection:name=rabbitConnectionFactory,type=CachingConnectionFactory]
[2019-04-15 17:51:44.335][main][INFO ][org.springframework.context.support.DefaultLifecycleProcessor:343]-- Starting beans in phase 0
[2019-04-15 17:51:44.365][main][INFO ][org.apache.kafka.clients.consumer.ConsumerConfig:165]-- ConsumerConfig values: 
	metric.reporters = []
	metadata.max.age.ms = 300000
	value.deserializer = class org.apache.kafka.common.serialization.StringDeserializer
	group.id = applog
	partition.assignment.strategy = [org.apache.kafka.clients.consumer.RangeAssignor]
	reconnect.backoff.ms = 50
	sasl.kerberos.ticket.renew.window.factor = 0.8
	max.partition.fetch.bytes = 1048576
	bootstrap.servers = [127.0.0.1:9092]
	retry.backoff.ms = 100
	sasl.kerberos.kinit.cmd = /usr/bin/kinit
	sasl.kerberos.service.name = null
	sasl.kerberos.ticket.renew.jitter = 0.05
	ssl.keystore.type = JKS
	ssl.trustmanager.algorithm = PKIX
	enable.auto.commit = true
	ssl.key.password = null
	fetch.max.wait.ms = 500
	sasl.kerberos.min.time.before.relogin = 60000
	connections.max.idle.ms = 540000
	ssl.truststore.password = null
	session.timeout.ms = 30000
	metrics.num.samples = 2
	client.id = 
	ssl.endpoint.identification.algorithm = null
	key.deserializer = class org.apache.kafka.common.serialization.StringDeserializer
	ssl.protocol = TLS
	check.crcs = true
	request.timeout.ms = 40000
	ssl.provider = null
	ssl.enabled.protocols = [TLSv1.2, TLSv1.1, TLSv1]
	ssl.keystore.location = null
	heartbeat.interval.ms = 3000
	auto.commit.interval.ms = 5000
	receive.buffer.bytes = 32768
	ssl.cipher.suites = null
	ssl.truststore.type = JKS
	security.protocol = PLAINTEXT
	ssl.truststore.location = null
	ssl.keystore.password = null
	ssl.keymanager.algorithm = SunX509
	metrics.sample.window.ms = 30000
	fetch.min.bytes = 1
	send.buffer.bytes = 131072
	auto.offset.reset = latest

[2019-04-15 17:51:44.767][main][INFO ][org.apache.kafka.common.utils.AppInfoParser:82]-- Kafka version : 0.9.0.1
[2019-04-15 17:51:44.768][main][INFO ][org.apache.kafka.common.utils.AppInfoParser:83]-- Kafka commitId : 23c69d62a0cabf06
[2019-04-15 17:51:44.774][main][INFO ][org.springframework.context.support.DefaultLifecycleProcessor:343]-- Starting beans in phase 2147483647
[2019-04-15 17:51:44.791][main][INFO ][org.springframework.scheduling.annotation.ScheduledAnnotationBeanPostProcessor:267]-- No TaskScheduler/ScheduledExecutorService bean found for scheduled processing
[2019-04-15 17:51:44.817][main][INFO ][org.apache.coyote.http11.Http11NioProtocol:179]-- Initializing ProtocolHandler ["http-nio-8081"]
[2019-04-15 17:51:44.839][main][INFO ][org.apache.coyote.http11.Http11NioProtocol:179]-- Starting ProtocolHandler ["http-nio-8081"]
[2019-04-15 17:51:44.841][main][INFO ][org.apache.tomcat.util.net.NioSelectorPool:179]-- Using a shared selector for servlet write/read
[2019-04-15 17:51:44.888][main][INFO ][org.springframework.boot.context.embedded.tomcat.TomcatEmbeddedServletContainer:201]-- Tomcat started on port(s): 8081 (http)
[2019-04-15 17:51:44.900][main][INFO ][com.zlc.BootStudying.BootStudyingApplication:57]-- Started BootStudyingApplication in 11.38 seconds (JVM running for 13.543)
[2019-04-15 17:51:44.937][org.springframework.kafka.KafkaListenerEndpointContainer#0-0-kafka-consumer-1][INFO ][org.springframework.kafka.listener.KafkaMessageListenerContainer:244]-- partitions revoked:[]
[2019-04-15 17:51:44.959][org.springframework.kafka.KafkaListenerEndpointContainer#0-0-kafka-consumer-1][INFO ][org.springframework.kafka.listener.KafkaMessageListenerContainer:249]-- partitions assigned:[app_log-0]
[2019-04-15 17:52:00.020][pool-4-thread-1][INFO ][org.apache.kafka.clients.producer.ProducerConfig:165]-- ProducerConfig values: 
	compression.type = none
	metric.reporters = []
	metadata.max.age.ms = 300000
	metadata.fetch.timeout.ms = 60000
	reconnect.backoff.ms = 50
	sasl.kerberos.ticket.renew.window.factor = 0.8
	bootstrap.servers = [127.0.0.1:9092]
	retry.backoff.ms = 100
	sasl.kerberos.kinit.cmd = /usr/bin/kinit
	buffer.memory = 33554432
	timeout.ms = 30000
	key.serializer = class org.apache.kafka.common.serialization.StringSerializer
	sasl.kerberos.service.name = null
	sasl.kerberos.ticket.renew.jitter = 0.05
	ssl.keystore.type = JKS
	ssl.trustmanager.algorithm = PKIX
	block.on.buffer.full = false
	ssl.key.password = null
	max.block.ms = 60000
	sasl.kerberos.min.time.before.relogin = 60000
	connections.max.idle.ms = 540000
	ssl.truststore.password = null
	max.in.flight.requests.per.connection = 5
	metrics.num.samples = 2
	client.id = 
	ssl.endpoint.identification.algorithm = null
	ssl.protocol = TLS
	request.timeout.ms = 30000
	ssl.provider = null
	ssl.enabled.protocols = [TLSv1.2, TLSv1.1, TLSv1]
	acks = 1
	batch.size = 16384
	ssl.keystore.location = null
	receive.buffer.bytes = 32768
	ssl.cipher.suites = null
	ssl.truststore.type = JKS
	security.protocol = PLAINTEXT
	retries = 0
	max.request.size = 1048576
	value.serializer = class org.apache.kafka.common.serialization.StringSerializer
	ssl.truststore.location = null
	ssl.keystore.password = null
	ssl.keymanager.algorithm = SunX509
	metrics.sample.window.ms = 30000
	partitioner.class = class org.apache.kafka.clients.producer.internals.DefaultPartitioner
	send.buffer.bytes = 131072
	linger.ms = 0

[2019-04-15 17:52:00.040][pool-4-thread-1][INFO ][org.apache.kafka.common.utils.AppInfoParser:82]-- Kafka version : 0.9.0.1
[2019-04-15 17:52:00.041][pool-4-thread-1][INFO ][org.apache.kafka.common.utils.AppInfoParser:83]-- Kafka commitId : 23c69d62a0cabf06
